<?xml version="1.0" encoding="UTF-8"?>
<testsuite xmlns:xsi="http://www.w3.org/2001/XMLSchema-instance" xsi:noNamespaceSchemaLocation="https://maven.apache.org/surefire/maven-surefire-plugin/xsd/surefire-test-report.xsd" version="3.0.2" name="compensation_engine.CompensationEngineApplicationTests" time="5.45" tests="1" errors="0" skipped="0" failures="0" flakes="0">
  <properties>
[...]
</properties>
  <testcase name="contextLoads" classname="compensation_engine.CompensationEngineApplicationTests" time="1.386">
    <system-out><![CDATA[21:58:23.963 [main] INFO org.springframework.test.context.support.AnnotationConfigContextLoaderUtils -- Could not detect default configuration classes for test class [compensation_engine.CompensationEngineApplicationTests]: CompensationEngineApplicationTests does not declare any static, non-private, non-final, nested classes annotated with @Configuration.
21:58:24.213 [main] INFO org.springframework.boot.test.context.SpringBootTestContextBootstrapper -- Found @SpringBootConfiguration compensation_engine.CompensationEngineApplication for test class compensation_engine.CompensationEngineApplicationTests
21:58:24.434 [main] INFO org.springframework.test.context.support.AnnotationConfigContextLoaderUtils -- Could not detect default configuration classes for test class [compensation_engine.CompensationEngineApplicationTests]: CompensationEngineApplicationTests does not declare any static, non-private, non-final, nested classes annotated with @Configuration.
21:58:24.447 [main] INFO org.springframework.boot.test.context.SpringBootTestContextBootstrapper -- Found @SpringBootConfiguration compensation_engine.CompensationEngineApplication for test class compensation_engine.CompensationEngineApplicationTests

  .   ____          _            __ _ _
 /\\ / ___'_ __ _ _(_)_ __  __ _ \ \ \ \
( ( )\___ | '_ | '_| | '_ \/ _` | \ \ \ \
 \\/  ___)| |_)| | | | | || (_| |  ) ) ) )
  '  |____| .__|_| |_|_| |_\__, | / / / /
 =========|_|==============|___/=/_/_/_/

 :: Spring Boot ::                (v4.1.1)

2026-08-22T21:58:25.291+05:30  INFO 15224 --- [compensation-engine] [           main] c.CompensationEngineApplicationTests     : Starting CompensationEngineApplicationTests using Java 23.0.2 with PID 15224 (started by kavya in C:\Users\kavya\Downloads\P28-Compensation-Engine\compensation-engine)
2026-08-22T21:58:25.294+05:30  INFO 15224 --- [compensation-engine] [           main] c.CompensationEngineApplicationTests     : No active profile set, falling back to 1 default profile: "default"
2026-08-22T21:58:26.815+05:30  INFO 15224 --- [compensation-engine] [           main] o.s.b.w.a.WelcomePageHandlerMapping      : Adding welcome page: class path resource [static/index.html]
2026-08-22T21:58:27.434+05:30  INFO 15224 --- [compensation-engine] [           main] c.CompensationEngineApplicationTests     : Started CompensationEngineApplicationTests in 2.843 seconds (process running for 5.382)
]]></system-out>
    <system-err><![CDATA[Mockito is currently self-attaching to enable the inline-mock-maker. This will no longer work in future releases of the JDK. Please add Mockito as an agent to your build as described in Mockito's documentation: https://javadoc.io/doc/org.mockito/mockito-core/latest/org.mockito/org/mockito/Mockito.html#0.3
WARNING: A Java agent has been loaded dynamically (C:\Users\kavya\.m2\repository\net\bytebuddy\byte-buddy-agent\1.18.11\byte-buddy-agent-1.18.11.jar)
WARNING: If a serviceability tool is in use, please run with -XX:+EnableDynamicAgentLoading to hide this warning
WARNING: If a serviceability tool is not in use, please run with -Djdk.instrument.traceUsage for more information
WARNING: Dynamic loading of agents will be disallowed by default in a future release
]]></system-err>
  </testcase>
</testsuite>